[    0.000000] Initializing cgroup subsys cpuset
[    0.000000] Initializing cgroup subsys cpu
[    0.000000] Initializing cgroup subsys cpuacct
[    0.000000] Linux version 4.4.0-210-generic (buildd@lgw01-amd64-037) (gcc version 5.4.0 20160609 (Ubuntu 5.4.0-6ubuntu1~16.04.12) ) #242-Ubuntu SMP Fri Apr 16 09:57:00 UTC 2021 (Ubuntu 4.4.0-210.242-generic 4.4.262)
[    0.000000] KERNEL supported cpus:
[    0.000000]   Intel GenuineIntel
[    0.000000]   AMD AuthenticAMD
[    0.000000]   NSC Geode by NSC
[    0.000000]   Cyrix CyrixInstead
[    0.000000]   Centaur CentaurHauls
[    0.000000]   Transmeta GenuineTMx86
[    0.000000]   Transmeta TransmetaCPU
[    0.000000]   UMC UMC UMC UMC
[    0.000000] x86/fpu: xstate_offset[2]:  576, xstate_sizes[2]:  256
[    0.000000] x86/fpu: Supporting XSAVE feature 0x01: 'x87 floating point registers'
[    0.000000] x86/fpu: Supporting XSAVE feature 0x02: 'SSE registers'
[    0.000000] x86/fpu: Supporting XSAVE feature 0x04: 'AVX registers'
[    0.000000] x86/fpu: Enabled xstate features 0x7, context size is 832 bytes, using 'standard' format.
[    0.000000] e820: BIOS-provided physical RAM map:
[    0.000000] BIOS-e820: [mem 0x0000000000000000-0x000000000009fbff] usable
[    0.000000] BIOS-e820: [mem 0x000000000009fc00-0x000000000009ffff] reserved
[    0.000000] BIOS-e820: [mem 0x00000000000f0000-0x00000000000fffff] reserved
[    0.000000] BIOS-e820: [mem 0x0000000000100000-0x00000000dffeffff] usable
[    0.000000] BIOS-e820: [mem 0x00000000dfff0000-0x00000000dfffffff] ACPI data
[    0.000000] BIOS-e820: [mem 0x00000000fec00000-0x00000000fec00fff] reserved
[    0.000000] BIOS-e820: [mem 0x00000000fee00000-0x00000000fee00fff] reserved
[    0.000000] BIOS-e820: [mem 0x00000000fffc0000-0x00000000ffffffff] reserved
[    0.000000] BIOS-e820: [mem 0x0000000100000000-0x000000021fffffff] usable
[    0.000000] NX (Execute Disable) protection: active
[    0.000000] SMBIOS 2.5 present.
[    0.000000] Hypervisor detected: KVM
[    0.000000] e820: last_pfn = 0x220000 max_arch_pfn = 0x1000000
[    0.000000] MTRR: Disabled
[    0.000000] x86/PAT: MTRRs disabled, skipping PAT initialization too.
[    0.000000] CPU MTRRs all blank - virtualized system.
[    0.000000] x86/PAT: Configuration [0-7]: WB  WT  UC- UC  WB  WT  UC- UC  
[    0.000000] found SMP MP-table at [mem 0x0009fff0-0x0009ffff] mapped at [c009fff0]
[    0.000000] Scanning 1 areas for low memory corruption
[    0.000000] RAMDISK: [mem 0x36256000-0x37122fff]
[    0.000000] ACPI: Early table checksum verification disabled
[    0.000000] ACPI: RSDP 0x00000000000E0000 000024 (v02 VBOX  )
[    0.000000] ACPI: XSDT 0x00000000DFFF0030 00003C (v01 VBOX   VBOXXSDT 00000001 ASL  00000061)
[    0.000000] ACPI: FACP 0x00000000DFFF00F0 0000F4 (v04 VBOX   VBOXFACP 00000001 ASL  00000061)
[    0.000000] ACPI: DSDT 0x00000000DFFF0610 002353 (v02 VBOX   VBOXBIOS 00000002 INTL 20220331)
[    0.000000] ACPI: FACS 0x00000000DFFF0200 000040
[    0.000000] ACPI: FACS 0x00000000DFFF0200 000040
[    0.000000] ACPI: APIC 0x00000000DFFF0240 00005C (v02 VBOX   VBOXAPIC 00000001 ASL  00000061)
[    0.000000] ACPI: SSDT 0x00000000DFFF02A0 00036C (v01 VBOX   VBOXCPUT 00000002 INTL 20220331)
[    0.000000] 7812MB HIGHMEM available.
[    0.000000] 891MB LOWMEM available.
[    0.000000]   mapped low ram: 0 - 37bfe000
[    0.000000]   low ram: 0 - 37bfe000
[    0.000000] kvm-clock: Using msrs 4b564d01 and 4b564d00
[    0.000000] kvm-clock: cpu 0, msr 0:37bfd001, primary cpu clock
[    0.000000] kvm-clock: using sched offset of 2853734976 cycles
[    0.000000] clocksource: kvm-clock: mask: 0xffffffffffffffff max_cycles: 0x1cd42e4dffb, max_idle_ns: 881590591483 ns
[    0.000000] Zone ranges:
[    0.000000]   DMA      [mem 0x0000000000001000-0x0000000000ffffff]
[    0.000000]   Normal   [mem 0x0000000001000000-0x0000000037bfdfff]
[    0.000000]   HighMem  [mem 0x0000000037bfe000-0x000000021fffffff]
[    0.000000] Movable zone start for each node
[    0.000000] Early memory node ranges
[    0.000000]   node   0: [mem 0x0000000000001000-0x000000000009efff]
[    0.000000]   node   0: [mem 0x0000000000100000-0x00000000dffeffff]
[    0.000000]   node   0: [mem 0x0000000100000000-0x000000021fffffff]
[    0.000000] Initmem setup node 0 [mem 0x0000000000001000-0x000000021fffffff]
[    0.000000] Using APIC driver default
[    0.000000] ACPI: PM-Timer IO Port: 0x4008
[    0.000000] IOAPIC[0]: apic_id 2, version 32, address 0xfec00000, GSI 0-23
[    0.000000] ACPI: INT_SRC_OVR (bus 0 bus_irq 0 global_irq 2 dfl dfl)
[    0.000000] ACPI: INT_SRC_OVR (bus 0 bus_irq 9 global_irq 9 low level)
[    0.000000] Using ACPI (MADT) for SMP configuration information
[    0.000000] smpboot: Allowing 2 CPUs, 0 hotplug CPUs
[    0.000000] PM: Registered nosave memory: [mem 0x00000000-0x00000fff]
[    0.000000] PM: Registered nosave memory: [mem 0x0009f000-0x0009ffff]
[    0.000000] PM: Registered nosave memory: [mem 0x000a0000-0x000effff]
[    0.000000] PM: Registered nosave memory: [mem 0x000f0000-0x000fffff]
[    0.000000] e820: [mem 0xe0000000-0xfebfffff] available for PCI devices
[    0.000000] Booting paravirtualized kernel on KVM
[    0.000000] clocksource: refined-jiffies: mask: 0xffffffff max_cycles: 0xffffffff, max_idle_ns: 7645519600211568 ns
[    0.000000] setup_percpu: NR_CPUS:8 nr_cpumask_bits:8 nr_cpu_ids:2 nr_node_ids:1
[    0.000000] PERCPU: Embedded 18 pages/cpu @f71b2000 s42956 r0 d30772 u73728
[    0.000000] Built 1 zonelists in Zone order, mobility grouping on.  Total pages: 2094808
[    0.000000] Kernel command line: BOOT_IMAGE=/boot/vmlinuz-4.4.0-210-generic root=LABEL=cloudimg-rootfs ro console=tty1 console=ttyS0
[    0.000000] PID hash table entries: 4096 (order: 2, 16384 bytes)
[    0.000000] Dentry cache hash table entries: 131072 (order: 7, 524288 bytes)
[    0.000000] Inode-cache hash table entries: 65536 (order: 6, 262144 bytes)
[    0.000000] Initializing CPU#0
[    0.000000] Initializing HighMem for node 0 (00037bfe:00220000)
[    0.000000] Initializing Movable for node 0 (00000000:00000000)
[    0.000000] Memory: 8275948K/8388152K available (8151K kernel code, 787K rwdata, 3216K rodata, 944K init, 724K bss, 112204K reserved, 0K cma-reserved, 7475144K highmem)
[    0.000000] virtual kernel memory layout:
[    0.000000]     fixmap  : 0xfff15000 - 0xfffff000   ( 936 kB)
[    0.000000]     pkmap   : 0xffc00000 - 0xffe00000   (2048 kB)
[    0.000000]     vmalloc : 0xf83fe000 - 0xffbfe000   ( 120 MB)
[    0.000000]     lowmem  : 0xc0000000 - 0xf7bfe000   ( 891 MB)
[    0.000000]       .init : 0xc1be2000 - 0xc1cce000   ( 944 kB)
[    0.000000]       .data : 0xc17f61b8 - 0xc1be0d40   (4010 kB)
[    0.000000]       .text : 0xc1000000 - 0xc17f61b8   (8152 kB)
[    0.000000] Checking if this processor honours the WP bit even in supervisor mode...Ok.
[    0.000000] SLUB: HWalign=64, Order=0-3, MinObjects=0, CPUs=2, Nodes=1
[    0.000000] Hierarchical RCU implementation.
[    0.000000] 	Build-time adjustment of leaf fanout to 32.
[    0.000000] 	RCU restricting CPUs from NR_CPUS=8 to nr_cpu_ids=2.
[    0.000000] RCU: Adjusting geometry for rcu_fanout_leaf=32, nr_cpu_ids=2
[    0.000000] NR_IRQS:2304 nr_irqs:440 16
[    0.000000] Console: colour VGA+ 80x25
[    0.000000] console [tty1] enabled
[    0.000000] console [ttyS0] enabled
[    0.000000] allocated 8388608 bytes of page_ext
[    0.000000] tsc: Detected 2303.998 MHz processor
[    0.279072] Calibrating delay loop (skipped) preset value.. 4607.99 BogoMIPS (lpj=9215992)
[    0.280102] pid_max: default: 32768 minimum: 301
[    0.280683] ACPI: Core revision 20150930
[    0.281863] ACPI: 2 ACPI AML tables successfully acquired and loaded
[    0.282660] Security Framework initialized
[    0.283156] Yama: becoming mindful.
[    0.283656] AppArmor: AppArmor initialized
[    0.284255] Mount-cache hash table entries: 2048 (order: 1, 8192 bytes)
[    0.284985] Mountpoint-cache hash table entries: 2048 (order: 1, 8192 bytes)
[    0.285808] Initializing cgroup subsys io
[    0.286350] Initializing cgroup subsys memory
[    0.286907] Initializing cgroup subsys devices
[    0.287471] Initializing cgroup subsys freezer
[    0.288043] Initializing cgroup subsys net_cls
[    0.288616] Initializing cgroup subsys perf_event
[    0.289162] Initializing cgroup subsys net_prio
[    0.289727] Initializing cgroup subsys hugetlb
[    0.290268] Initializing cgroup subsys pids
[    0.315368] mce: CPU supports 0 MCE banks
[    0.316096] Last level iTLB entries: 4KB 64, 2MB 8, 4MB 8
[    0.316785] Last level dTLB entries: 4KB 64, 2MB 0, 4MB 0, 1GB 4
[    0.317473] Spectre V1 : Mitigation: usercopy/swapgs barriers and __user pointer sanitization
[    0.318536] Spectre V2 : Mitigation: Full generic retpoline
[    0.319150] Spectre V2 : Spectre v2 / SpectreRSB mitigation: Filling RSB on context switch
[    0.320132] Speculative Store Bypass: Vulnerable
[    0.320657] SRBDS: Unknown: Dependent on hypervisor status
[    0.321325] MDS: Mitigation: Clear CPU buffers
[    0.324128] Freeing SMP alternatives memory: 36K
[    0.328272] ftrace: allocating 31668 entries in 62 pages
[    0.369453] smpboot: APIC(0) Converting physical 0 to logical package 0
[    0.370254] smpboot: Max logical packages: 1
[    0.370884] Enabling APIC mode:  Flat.  Using 1 I/O APICs
[    0.372338] ..TIMER: vector=0x30 apic1=0 pin1=2 apic2=-1 pin2=-1
[    0.481111] smpboot: CPU0: Intel(R) Core(TM) i7-10510U CPU @ 1.80GHz (family: 0x6, model: 0x8e, stepping: 0xc)
[    0.482344] Performance Events: unsupported p6 CPU model 142 no PMU driver, software events only.
[    0.488499] KVM setup paravirtual spinlock
[    0.489773] x86: Booting SMP configuration:
[    0.490268] .... node  #0, CPUs:      #1
[1266874886.855816] Initializing CPU#1
[    0.491121] kvm-clock: cpu 1, msr 0:37bfd041, secondary cpu clock
[    0.515307] mce: CPU supports 0 MCE banks
[    0.517794] x86: Booted up 1 node, 2 CPUs
[    0.518723] smpboot: Total of 2 processors activated (9215.99 BogoMIPS)
[    0.519874] devtmpfs: initialized
[    0.520564] evm: security.selinux
[    0.521048] evm: security.SMACK64
[    0.521536] evm: security.SMACK64EXEC
[    0.522084] evm: security.SMACK64TRANSMUTE
[    0.522629] evm: security.SMACK64MMAP
[    0.523151] evm: security.ima
[    0.523587] evm: security.capability
[    0.524288] clocksource: jiffies: mask: 0xffffffff max_cycles: 0xffffffff, max_idle_ns: 7645041785100000 ns
[    0.525375] futex hash table entries: 512 (order: 3, 32768 bytes)
[    0.526113] pinctrl core: initialized pinctrl subsystem
[    0.526754] RTC time:  2:36:19, date: 12/24/22
[    0.527512] NET: Registered protocol family 16
[    0.528147] EISA bus registered
[    0.537603] cpuidle: using governor ladder
[    0.549857] cpuidle: using governor menu
[    0.550385] PCCT header not found.
[    0.550957] ACPI: bus type PCI registered
[    0.551461] acpiphp: ACPI Hot Plug PCI Controller Driver version: 0.5
[    0.552370] PCI : PCI BIOS area is rw and x. Use pci=nobios if you want it NX.
[    0.553302] PCI: PCI BIOS revision 2.10 entry at 0xfda26, last bus=0
[    0.554048] PCI: Using configuration type 1 for base access
[    0.566421] ACPI: Added _OSI(Module Device)
[    0.567011] ACPI: Added _OSI(Processor Device)
[    0.567591] ACPI: Added _OSI(3.0 _SCP Extensions)
[    0.568189] ACPI: Added _OSI(Processor Aggregator Device)
[    0.569300] ACPI: Executed 1 blocks of module-level executable AML code
[    0.571433] ACPI: Interpreter enabled
[    0.578584] ACPI: (supports S0 S5)
[    0.579080] ACPI: Using IOAPIC for interrupt routing
[    0.579782] PCI: Using host bridge windows from ACPI; if necessary, use "pci=nocrs" and report a bug
[    0.583156] ACPI: PCI Root Bridge [PCI0] (domain 0000 [bus 00-ff])
[    0.583828] acpi PNP0A03:00: _OSC: OS supports [ASPM ClockPM Segments MSI]
[    0.584764] acpi PNP0A03:00: _OSC: not requesting OS control; OS requires [ExtendedConfig ASPM ClockPM MSI]
[    0.585947] acpi PNP0A03:00: fail to add MMCONFIG information, can't access extended PCI configuration space under this bridge.
[    0.587361] PCI host bridge to bus 0000:00
[    0.587908] pci_bus 0000:00: root bus resource [io  0x0000-0x0cf7 window]
[    0.588615] pci_bus 0000:00: root bus resource [io  0x0d00-0xffff window]
[    0.589370] pci_bus 0000:00: root bus resource [mem 0x000a0000-0x000bffff window]
[    0.590326] pci_bus 0000:00: root bus resource [mem 0xe0000000-0xfdffffff window]
[    0.591271] pci_bus 0000:00: root bus resource [bus 00-ff]
[    0.592727] pci 0000:00:01.1: legacy IDE quirk: reg 0x10: [io  0x01f0-0x01f7]
[    0.593512] pci 0000:00:01.1: legacy IDE quirk: reg 0x14: [io  0x03f6]
[    0.594250] pci 0000:00:01.1: legacy IDE quirk: reg 0x18: [io  0x0170-0x0177]
[    0.594996] pci 0000:00:01.1: legacy IDE quirk: reg 0x1c: [io  0x0376]
[    0.645590] pci 0000:00:07.0: quirk: [io  0x4000-0x403f] claimed by PIIX4 ACPI
[    0.646547] pci 0000:00:07.0: quirk: [io  0x4100-0x410f] claimed by PIIX4 SMB
[    0.695235] ACPI: PCI Interrupt Link [LNKA] (IRQs 5 9 10 *11)
[    0.696307] ACPI: PCI Interrupt Link [LNKB] (IRQs 5 9 *10 11)
[    0.697223] ACPI: PCI Interrupt Link [LNKC] (IRQs 5 *9 10 11)
[    0.698130] ACPI: PCI Interrupt Link [LNKD] (IRQs 5 9 10 *11)
[    0.699056] ACPI: Enabled 2 GPEs in block 00 to 07
[    0.699798] vgaarb: setting as boot device: PCI:0000:00:02.0
[    0.700441] vgaarb: device added: PCI:0000:00:02.0,decodes=io+mem,owns=io+mem,locks=none
[    0.701457] vgaarb: loaded
[    0.701884] vgaarb: bridge control possible 0000:00:02.0
[    0.702666] SCSI subsystem initialized
[    0.703265] ACPI: bus type USB registered
[    0.703762] usbcore: registered new interface driver usbfs
[    0.704397] usbcore: registered new interface driver hub
[    0.704988] usbcore: registered new device driver usb
[    0.705723] PCI: Using ACPI for IRQ routing
[    0.706394] NetLabel: Initializing
[    0.706846] NetLabel:  domain hash size = 128
[    0.707354] NetLabel:  protocols = UNLABELED CIPSOv4
[    0.707921] NetLabel:  unlabeled traffic allowed by default
[    0.708658] amd_nb: Cannot enumerate AMD northbridges
[    0.709264] clocksource: Switched to clocksource kvm-clock
[    0.714272] AppArmor: AppArmor Filesystem Enabled
[    0.714894] pnp: PnP ACPI init
[    0.715780] pnp: PnP ACPI: found 3 devices
[    0.716321] PnPBIOS: Disabled by ACPI PNP
[    0.755407] clocksource: acpi_pm: mask: 0xffffff max_cycles: 0xffffff, max_idle_ns: 2085701024 ns
[    0.756479] NET: Registered protocol family 2
[    0.757145] TCP established hash table entries: 8192 (order: 3, 32768 bytes)
[    0.757983] TCP bind hash table entries: 8192 (order: 4, 65536 bytes)
[    0.758668] TCP: Hash tables configured (established 8192 bind 8192)
[    0.759390] UDP hash table entries: 512 (order: 2, 16384 bytes)
[    0.760073] UDP-Lite hash table entries: 512 (order: 2, 16384 bytes)
[    0.760784] NET: Registered protocol family 1
[    0.761357] pci 0000:00:00.0: Limiting direct PCI/PCI transfers
[    0.762061] pci 0000:00:01.0: Activating ISA DMA hang workarounds
[    0.762831] Unpacking initramfs...
[    0.944696] Freeing initrd memory: 15156K
[    0.945421] clocksource: tsc: mask: 0xffffffffffffffff max_cycles: 0x2135f5e6f15, max_idle_ns: 440795231538 ns
[    0.946599] platform rtc_cmos: registered platform RTC device (no PNP device found)
[    0.947571] Scanning for low memory corruption every 60 seconds
[    0.948663] audit: initializing netlink subsys (disabled)
[    0.949260] audit: type=2000 audit(1671849384.595:1): initialized
[    0.950146] Initialise system trusted keyring
[    0.950823] HugeTLB registered 2 MB page size, pre-allocated 0 pages
[    0.952352] zbud: loaded
[    0.952857] VFS: Disk quotas dquot_6.6.0
[    0.953485] VFS: Dquot-cache hash table entries: 1024 (order 0, 4096 bytes)
[    0.954364] squashfs: version 4.0 (2009/01/31) Phillip Lougher
[    0.955240] fuse init (API version 7.23)
[    0.955874] Key type big_key registered
[    0.956421] Allocating IMA MOK and blacklist keyrings.
[    0.958096] Key type asymmetric registered
[    0.958620] Asymmetric key parser 'x509' registered
[    0.959231] bounce: pool size: 64 pages
[    0.959784] Block layer SCSI generic (bsg) driver version 0.4 loaded (major 249)
[    0.960773] io scheduler noop registered
[    0.961272] io scheduler deadline registered (default)
[    0.961920] io scheduler cfq registered
[    0.962468] pci_hotplug: PCI Hot Plug PCI Core version: 0.5
[    0.963138] pciehp: PCI Express Hot Plug Controller Driver version: 0.4
[    0.963912] ACPI: AC Adapter [AC] (on-line)
[    0.964487] input: Power Button as /devices/LNXSYSTM:00/LNXPWRBN:00/input/input0
[    0.965396] ACPI: Power Button [PWRF]
[    0.965886] input: Sleep Button as /devices/LNXSYSTM:00/LNXSLPBN:00/input/input1
[    0.966761] ACPI: Sleep Button [SLPF]
[    0.967352] GHES: HEST is not enabled!
[    0.967795] ACPI: Battery Slot [BAT0] (battery present)
[    0.968537] isapnp: Scanning for PnP cards...
[    0.969536] Serial: 8250/16550 driver, 32 ports, IRQ sharing enabled
[    0.990575] 00:02: ttyS0 at I/O 0x3f8 (irq = 4, base_baud = 115200) is a 16550A
[    0.992296] Linux agpgart interface v0.103
[    1.005722] loop: module loaded
[    1.006569] scsi host0: ata_piix
[    1.007137] scsi host1: ata_piix
[    1.007657] ata1: PATA max UDMA/33 cmd 0x1f0 ctl 0x3f6 bmdma 0xd000 irq 14
[    1.008508] ata2: PATA max UDMA/33 cmd 0x170 ctl 0x376 bmdma 0xd008 irq 15
[    1.009364] libphy: Fixed MDIO Bus: probed
[    1.010001] tun: Universal TUN/TAP device driver, 1.6
[    1.010636] tun: (C) 1999-2004 Max Krasnyansky <maxk@qualcomm.com>
[    1.011408] PPP generic driver version 2.4.2
[    1.011998] ehci_hcd: USB 2.0 'Enhanced' Host Controller (EHCI) Driver
[    1.012819] ehci-pci: EHCI PCI platform driver
[    1.013442] ehci-platform: EHCI generic platform driver
[    1.014104] ohci_hcd: USB 1.1 'Open' Host Controller (OHCI) Driver
[    1.014875] ohci-pci: OHCI PCI platform driver
[    1.015466] ohci-platform: OHCI generic platform driver
[    1.016165] uhci_hcd: USB Universal Host Controller Interface driver
[    1.016987] i8042: PNP: PS/2 Controller [PNP0303:PS2K,PNP0f03:PS2M] at 0x60,0x64 irq 1,12
[    1.018649] serio: i8042 KBD port at 0x60,0x64 irq 1
[    1.019328] serio: i8042 AUX port at 0x60,0x64 irq 12
[    1.020049] mousedev: PS/2 mouse device common for all mice
[    1.021019] rtc_cmos rtc_cmos: rtc core: registered rtc_cmos as rtc0
[    1.021855] input: AT Translated Set 2 keyboard as /devices/platform/i8042/serio0/input/input2
[    1.022976] rtc_cmos rtc_cmos: alarms up to one day, 114 bytes nvram
[    1.023865] i2c /dev entries driver
[    1.024402] device-mapper: uevent: version 1.0.3
[    1.025048] device-mapper: ioctl: 4.34.0-ioctl (2015-10-28) initialised: dm-devel@redhat.com
[    1.026167] platform eisa.0: Probing EISA bus 0
[    1.026749] platform eisa.0: EISA: Cannot allocate resource for mainboard
[    1.027557] platform eisa.0: Cannot allocate resource for EISA slot 1
[    1.028370] platform eisa.0: Cannot allocate resource for EISA slot 2
[    1.029734] platform eisa.0: Cannot allocate resource for EISA slot 3
[    1.030793] platform eisa.0: Cannot allocate resource for EISA slot 4
[    1.031575] platform eisa.0: Cannot allocate resource for EISA slot 5
[    1.032352] platform eisa.0: Cannot allocate resource for EISA slot 6
[    1.033135] platform eisa.0: Cannot allocate resource for EISA slot 7
[    1.033979] platform eisa.0: Cannot allocate resource for EISA slot 8
[    1.034812] platform eisa.0: EISA: Detected 0 cards
[    1.035454] cpufreq-nforce2: No nForce2 chipset.
[    1.036070] ledtrig-cpu: registered to indicate activity on CPUs
[    1.036974] NET: Registered protocol family 10
[    1.037714] NET: Registered protocol family 17
[    1.038362] Key type dns_resolver registered
[    1.039086] Using IPI No-Shortcut mode
[    1.039697] registered taskstats version 1
[    1.040275] Loading compiled-in X.509 certificates
[    1.042573] Loaded X.509 cert 'Build time autogenerated kernel key: 20ac0ed02049a72ce76c079ea50dd43d3ac5969c'
[    1.043796] zswap: loaded using pool lzo/zbud
[    1.045875] Key type trusted registered
[    1.048457] Key type encrypted registered
[    1.049046] AppArmor: AppArmor sha1 policy hashing enabled
[    1.049756] ima: No TPM chip found, activating TPM-bypass!
[    1.050434] ima: Allocated hash algorithm: sha1
[    1.051028] evm: HMAC attrs: 0x1
[    1.051682]   Magic number: 2:631:612
[    1.052209] tty tty: hash matches
[    1.052742] rtc_cmos rtc_cmos: setting system clock to 2022-12-24 02:36:19 UTC (1671849379)
[    1.053880] BIOS EDD facility v0.16 2004-Jun-25, 0 devices found
[    1.054583] EDD information not available.
[    1.323824] isapnp: No Plug & Play device found
[    1.324624] Freeing unused kernel memory: 944K
[    1.896642] Write protecting the kernel text: 8156k
[    1.900932] Write protecting the kernel read-only data: 3220k
[    1.904644] NX-protecting the kernel data: 6180k
Loading, please wait...
starting version 229
[    1.917580] random: systemd-udevd: uninitialized urandom read (16 bytes read, 0 bits of entropy available)
[    1.918324] random: udevadm: uninitialized urandom read (16 bytes read, 0 bits of entropy available)
[    1.921999] random: systemd-udevd: uninitialized urandom read (16 bytes read, 0 bits of entropy available)
[    1.924033] random: systemd-udevd: uninitialized urandom read (16 bytes read, 0 bits of entropy available)
[    1.930855] random: udevadm: uninitialized urandom read (16 bytes read, 0 bits of entropy available)
[    1.930924] random: udevadm: uninitialized urandom read (16 bytes read, 0 bits of entropy available)
[    1.931101] random: udevadm: uninitialized urandom read (16 bytes read, 0 bits of entropy available)
[    1.931177] random: udevadm: uninitialized urandom read (16 bytes read, 0 bits of entropy available)
[    1.931254] random: udevadm: uninitialized urandom read (16 bytes read, 0 bits of entropy available)
[    1.931335] random: udevadm: uninitialized urandom read (16 bytes read, 0 bits of entropy available)
[    1.986972] e1000: Intel(R) PRO/1000 Network Driver - version 7.3.21-k8-NAPI
[    1.988163] e1000: Copyright (c) 1999-2006 Intel Corporation.
[    2.007793] Fusion MPT base driver 3.04.20
[    2.008529] Copyright (c) 1999-2008 LSI Corporation
[    2.015155] [drm] Initialized drm 1.1.0 20060810
[    2.029493] Fusion MPT SPI Host driver 3.04.20
[    2.072633] vboxvideo: loading out-of-tree module taints kernel.
[    2.073396] vboxvideo: module verification failed: signature and/or required key missing - tainting kernel
[    2.075118] vboxvideo: loading version 7.0.4 r154605
[    2.210378] input: ImExPS/2 Generic Explorer Mouse as /devices/platform/i8042/serio1/input/input4
[    2.784125] e1000 0000:00:03.0 eth0: (PCI:33MHz:32-bit) 02:4c:f1:9f:ae:47
[    2.788352] e1000 0000:00:03.0 eth0: Intel(R) PRO/1000 Network Connection
[    2.793485] mptbase: ioc0: Initiating bringup
[    4.514710] ioc0: LSI53C1030 A0: Capabilities={Initiator}
[    7.853092] scsi host2: ioc0: LSI53C1030 A0, FwRev=00000000h, Ports=1, MaxQ=256, IRQ=20
[    9.150855] scsi 2:0:0:0: Direct-Access     VBOX     HARDDISK         1.0  PQ: 0 ANSI: 5
[    9.152197] scsi target2:0:0: Beginning Domain Validation
[    9.153216] [drm] VRAM 01000000
[    9.154013] [TTM] Zone  kernel: Available graphics memory: 408470 kiB
[    9.154938] [TTM] Zone highmem: Available graphics memory: 4146042 kiB
[    9.155860] [TTM] Initializing pool allocator
[    9.156564] [TTM] Initializing DMA pool allocator
[    9.158156] scsi target2:0:0: Domain Validation skipping write tests
[    9.159022] scsi target2:0:0: Ending Domain Validation
[    9.161201] scsi target2:0:0: asynchronous
[    9.162096] fbcon: vboxdrmfb (fb0) is primary device
[    9.167644] Console: switching to colour frame buffer device 100x37
[    9.169532] vboxvideo 0000:00:02.0: fb0: vboxdrmfb frame buffer device
[    9.170317] scsi 2:0:1:0: Direct-Access     VBOX     HARDDISK         1.0  PQ: 0 ANSI: 5
[    9.170958] scsi target2:0:1: Beginning Domain Validation
[    9.172138] scsi target2:0:1: Domain Validation skipping write tests
[    9.172652] scsi target2:0:1: Ending Domain Validation
[    9.173096] scsi target2:0:1: asynchronous
[    9.177957] sd 2:0:0:0: [sda] 83886080 512-byte logical blocks: (42.9 GB/40.0 GiB)
[    9.178155] sd 2:0:0:0: Attached scsi generic sg0 type 0
[    9.179655] sd 2:0:0:0: [sda] Write Protect is off
[    9.180141] sd 2:0:1:0: [sdb] 20480 512-byte logical blocks: (10.5 MB/10.0 MiB)
[    9.180223] sd 2:0:1:0: [sdb] Write Protect is off
[    9.180277] sd 2:0:1:0: [sdb] Incomplete mode parameter data
[    9.180278] sd 2:0:1:0: [sdb] Assuming drive cache: write through
[    9.181349] sd 2:0:1:0: Attached scsi generic sg1 type 0
[    9.181694] [drm] Initialized vboxvideo 1.0.0 20130823 for 0000:00:02.0 on minor 0
[    9.185403] sd 2:0:0:0: [sda] Incomplete mode parameter data
[    9.186268] sd 2:0:0:0: [sda] Assuming drive cache: write through
[    9.193099]  sda: sda1
[    9.194167] sd 2:0:1:0: [sdb] Attached SCSI disk
[    9.195491] sd 2:0:0:0: [sda] Attached SCSI disk
[    9.516725] e1000 0000:00:08.0 eth1: (PCI:33MHz:32-bit) 08:00:27:e4:e4:9e
[    9.517691] e1000 0000:00:08.0 eth1: Intel(R) PRO/1000 Network Connection
[    9.844300] e1000 0000:00:09.0 eth2: (PCI:33MHz:32-bit) 08:00:27:a7:07:20
[    9.845075] e1000 0000:00:09.0 eth2: Intel(R) PRO/1000 Network Connection
[    9.846580] e1000 0000:00:03.0 enp0s3: renamed from eth0
[    9.858576] e1000 0000:00:08.0 enp0s8: renamed from eth1
[    9.870307] e1000 0000:00:09.0 enp0s9: renamed from eth2
Begin: Loading essential drivers ... [    9.923782] md: linear personality registered for level -1
[    9.926799] md: multipath personality registered for level -4
[    9.929876] md: raid0 personality registered for level 0
[    9.933833] md: raid1 personality registered for level 1
[   10.005339] raid6: mmxx1    gen()  8062 MB/s
[   10.073349] raid6: mmxx2    gen()  8923 MB/s
[   10.141345] raid6: sse1x1   gen()  7568 MB/s
[   10.209340] raid6: sse1x2   gen()  8162 MB/s
[   10.277292] raid6: sse2x1   gen() 14380 MB/s
[   10.353338] raid6: sse2x1   xor()  9245 MB/s
[   10.421336] raid6: sse2x2   gen() 18891 MB/s
[   10.489334] raid6: sse2x2   xor() 12462 MB/s
[   10.557336] raid6: avx2x1   gen() 30269 MB/s
[   10.625335] raid6: avx2x2   gen() 33867 MB/s
[   10.625876] raid6: using algorithm avx2x2 gen() 33867 MB/s
[   10.626514] raid6: using avx2x1 recovery algorithm
[   10.629342] xor: automatically using best checksumming function:
[   10.729350]    avx       : 115697.000 MB/sec
[   10.731672] async_tx: api initialized (async)
[   10.744126] md: raid6 personality registered for level 6
[   10.744766] md: raid5 personality registered for level 5
[   10.745331] md: raid4 personality registered for level 4
[   10.751061] md: raid10 personality registered for level 10
done.
Begin: Running /scripts/init-premount ... done.
Begin: Mounting root file system ... Begin: Running /scripts/local-top ... done.
Begin: Running /scripts/local-premount ... [   10.779189] Btrfs loaded
Scanning for Btrfs filesystems
done.
Begin: Will now check root file system ... fsck from util-linux 2.27.1
[/sbin/fsck.ext4 (1) -- /dev/sda1] fsck.ext4 -a -C0 /dev/sda1 
cloudimg-rootfs: recovering journal
cloudimg-rootfs: clean, 67591/5120000 files, 668595/10485499 blocks
done.
[   10.821670] EXT4-fs (sda1): mounted filesystem with ordered data mode. Opts: (null)
done.
Begin: Running /scripts/local-bottom ... done.
Begin: Running /scripts/init-bottom ... done.
[   10.866146] systemd[1]: systemd 229 running in system mode. (+PAM +AUDIT +SELINUX +IMA +APPARMOR +SMACK +SYSVINIT +UTMP +LIBCRYPTSETUP +GCRYPT +GNUTLS +ACL +XZ -LZ4 +SECCOMP +BLKID +ELFUTILS +KMOD -IDN)
[   10.868034] systemd[1]: Detected virtualization oracle.
[   10.868666] systemd[1]: Detected architecture x86.

Welcome to [1mUbuntu 16.04.7 LTS[0m!

[   10.877919] systemd[1]: Set hostname to <ubuntu-xenial>.
[   10.955427] systemd[1]: Listening on udev Kernel Socket.
[[0;32m  OK  [0m] Listening on udev Kernel Socket.
[   10.961523] systemd[1]: Started Forward Password Requests to Wall Directory Watch.
[[0;32m  OK  [0m] Started Forward Password Requests to Wall Directory Watch.
[   10.962846] systemd[1]: Listening on fsck to fsckd communication Socket.
[[0;32m  OK  [0m] Listening on fsck to fsckd communication Socket.
[   10.964211] systemd[1]: Created slice User and Session Slice.
[[0;32m  OK  [0m] Created slice User and Session Slice.
[   10.965399] systemd[1]: Listening on udev Control Socket.
[[0;32m  OK  [0m] Listening on udev Control Socket.
[   10.966518] systemd[1]: Reached target User and Group Name Lookups.
[[0;32m  OK  [0m] Reached target User and Group Name Lookups.
[   10.967742] systemd[1]: Listening on Syslog Socket.
[[0;32m  OK  [0m] Listening on Syslog Socket.
[   10.968829] systemd[1]: Listening on LVM2 poll daemon socket.
[[0;32m  OK  [0m] Listening on LVM2 poll daemon socket.
[   10.970085] systemd[1]: Set up automount Arbitrary Executable File Formats File System Automount Point.
[[0;32m  OK  [0m] Set up automount Arbitrary Executab...ats File System Automount Point.
[   10.971873] systemd[1]: Reached target Swap.
[[0;32m  OK  [0m] Reached target Swap.
[   10.972909] systemd[1]: Listening on Journal Socket.
[[0;32m  OK  [0m] Listening on Journal Socket.
[   10.974024] systemd[1]: Reached target System Time Synchronized.
[[0;32m  OK  [0m] Reached target System Time Synchronized.
[   10.975244] systemd[1]: Listening on /dev/initctl Compatibility Named Pipe.
[[0;32m  OK  [0m] Listening on /dev/initctl Compatibility Named Pipe.
[   10.976579] systemd[1]: Started Trigger resolvconf update for networkd DNS.
[[0;32m  OK  [0m] Started Trigger resolvconf update for networkd DNS.
[   10.977993] systemd[1]: Listening on Journal Audit Socket.
[[0;32m  OK  [0m] Listening on Journal Audit Socket.
[   10.979176] systemd[1]: Reached target Encrypted Volumes.
[[0;32m  OK  [0m] Reached target Encrypted Volumes.
[   10.980357] systemd[1]: Listening on LVM2 metadata daemon socket.
[[0;32m  OK  [0m] Listening on LVM2 metadata daemon socket.
[   10.981628] systemd[1]: Listening on Device-mapper event daemon FIFOs.
[[0;32m  OK  [0m] Listening on Device-mapper event daemon FIFOs.
[   10.983126] systemd[1]: Created slice System Slice.
[[0;32m  OK  [0m] Created slice System Slice.
[   10.997774] systemd[1]: Mounting Huge Pages File System...
         Mounting Huge Pages File System...
[   10.999566] systemd[1]: Starting Monitoring of LVM2 mirrors, snapshots etc. using dmeventd or progress polling...
         Starting Monitoring of LVM2 mirrors... dmeventd or progress polling...
[   11.009636] systemd[1]: Created slice system-serial\x2dgetty.slice.
[[0;32m  OK  [0m] Created slice system-serial\x2dgetty.slice.
[   11.017594] systemd[1]: Reached target Slices.
[[0;32m  OK  [0m] Reached target Slices.
[   11.029721] systemd[1]: Starting Nameserver information manager...
         Starting Nameserver information manager...
[   11.038900] systemd[1]: Starting Set console keymap...
         Starting Set console keymap...
[   11.040512] systemd[1]: Starting Uncomplicated firewall...
         Starting Uncomplicated firewall...
[   11.042579] systemd[1]: Mounting POSIX Message Queue File System...
         Mounting POSIX Message Queue File System...
[   11.044627] systemd[1]: Mounting Debug File System...
         Mounting Debug File System...
[   11.053799] systemd[1]: Starting Create list of required static device nodes for the current kernel...
         Starting Create list of required st... nodes for the current kernel...
[   11.055752] systemd[1]: Listening on Journal Socket (/dev/log).
[[0;32m  OK  [0m] Listening on Journal Socket (/dev/log).
[   11.074011] systemd[1]: Starting Journal Service...
         Starting Journal Service...
[   11.080060] systemd[1]: Starting Remount Root and Kernel File Systems...
         Starting Remount Root and Kernel File Systems...
[   11.084892] EXT4-fs (sda1): re-mounted. Opts: (null)
[   11.086101] systemd[1]: Starting Load Kernel Modules...
         Starting Load Kernel Modules...
[   11.088392] systemd[1]: Mounted Huge Pages File System.
[[0;32m  OK  [0m] Mounted Huge Pages File System.
[   11.089960] systemd[1]: Mounted POSIX Message Queue File System.
[[0;32m  OK  [0m] Mounted POSIX Message Queue File System.
[   11.091232] systemd[1]: Mounted Debug File System.
[[0;32m  OK  [0m] Mounted Debug File System.
[   11.092954] systemd[1]: Started Set console keymap.
[[0;32m  OK  [0m] Started Set console keymap.[   11.094089] Loading iSCSI transport class v2.0-870.

[   11.094947] systemd[1]: Started Uncomplicated firewall.
[[0;32m  OK  [0m] Started Uncomplicated firewall.
[   11.096656] systemd[1]: Started Create list of required static device nodes for the current kernel.
[[0;32m  OK  [0m] Started Create list of required sta...ce nodes for the current kernel.
[   11.098934] systemd[1]: Started Remount Root and Kernel File Systems.
[[0;32m  OK  [0m] Started Remount Root and Kernel File Systems.
[   11.100538] systemd[1]: Started Nameserver information manager.
[[0;32m  OK  [0m] Started Nameserver information manager.
[   11.103456] systemd[1]: Started LVM2 metadata daemon.
[[0;32m  OK  [0m] Started LVM2 metadata daemon.
[   11.105662] systemd[1]: Starting Load/Save Random Seed...
         Starting Load/Save Random Seed...
[   11.108997] systemd[1]: Starting udev Coldplug all Devices...
         Starting udev Coldplug all Devices...
[   11.111161] systemd[1]: Starting Create Static Device Nodes in /dev...
         Starting Create Static Device Nodes in /dev...
[   11.114686] systemd[1]: Started Load/Save Random Seed.
[[0;32m  OK  [0m] Started Load/Save Random Seed.
[   11.118317] iscsi: registered transport (tcp)
[   11.126656] systemd[1]: Started Create Static Device Nodes in /dev.
[[0;32m  OK  [0m] Started Create Static Device Nodes in /dev.
[   11.129605] systemd[1]: Starting udev Kernel Device Manager...
         Starting udev Kernel Device Manager...
[   11.140293] systemd[1]: Started Journal Service.
[[0;32m  OK  [0m] Started Journal Service.
         Starting Flush Journal to Persistent Storage...
[[0;32m  OK  [0m] Started udev Kernel Device Manager.
[   11.151136] systemd-journald[388]: Received request to flush runtime journal from PID 1
[[0;32m  OK  [0m] Started Flush Journal to Persistent Storage.
[[0;32m  OK  [0m] Started udev Coldplug all Devices.
[[0;32m  OK  [0m] Started Dispatch Password Requests to Console Directory Watch.
[   11.176489] iscsi: registered transport (iser)
[[0;32m  OK  [0m] Started Load Kernel Modules.
         Starting Apply Kernel Variables...
         Mounting FUSE Control File System...
[[0;32m  OK  [0m] Mounted FUSE Control File System.
[[0;32m  OK  [0m] Started Apply Kernel Variables.
[[0;32m  OK  [0m] Found device /dev/ttyS0.
[[0;32m  OK  [0m] Listening on Load/Save RF Kill Switch Status /dev/rfkill Watch.
[[0;32m  OK  [0m] Found device 82540EM Gigabit Ethern...r (PRO/1000 MT Desktop Adapter).
[[0;32m  OK  [0m] Found device 82540EM Gigabit Ethern...r (PRO/1000 MT Desktop Adapter).
[[0;32m  OK  [0m] Found device 82540EM Gigabit Ethern...r (PRO/1000 MT Desktop Adapter).
[[0;32m  OK  [0m] Started Monitoring of LVM2 mirrors,...ng dmeventd or progress polling.
[[0;32m  OK  [0m] Reached target Local File Systems (Pre).
[[0;32m  OK  [0m] Reached target Local File Systems.
         Starting Create Volatile Files and Directories...
         Starting Set console font and keymap...
         Starting Tell Plymouth To Write Out Runtime Data...
         Starting Initial cloud-init job (pre-networking)...
         Starting LSB: AppArmor initialization...
[[0;32m  OK  [0m] Started Create Volatile Files and Directories.
         Starting Update UTMP about System Boot/Shutdown...
[[0;32m  OK  [0m] Started Tell Plymouth To Write Out Runtime Data.
[[0;32m  OK  [0m] Started Update UTMP about System Boot/Shutdown.
[[0;32m  OK  [0m] Started Set console font and keymap.
[[0;32m  OK  [0m] Created slice system-getty.slice.
[[0;32m  OK  [0m] Started LSB: AppArmor initialization.
         Starting Load AppArmor profiles managed internally by snapd...
[[0;32m  OK  [0m] Started Load AppArmor profiles managed internally by snapd.
[   11.814207] cloud-init[663]: Cloud-init v. 21.1-19-gbad84ad4-0ubuntu1~16.04.2 running 'init-local' at Sat, 24 Dec 2022 02:36:30 +0000. Up 11.65 seconds.
[[0;32m  OK  [0m] Started Initial cloud-init job (pre-networking).
[[0;32m  OK  [0m] Reached target Network (Pre).
[[0;32m  OK  [0m] Started ifup for enp0s3.
[[0;32m  OK  [0m] Started ifup for enp0s9.
[[0;32m  OK  [0m] Started ifup for enp0s8.
         Starting Raise network interfaces...
[[0;32m  OK  [0m] Started Raise network interfaces.
         Starting Initial cloud-init job (metadata service crawler)...
[[0;32m  OK  [0m] Reached target Network.
[   12.790934] cloud-init[1204]: Cloud-init v. 21.1-19-gbad84ad4-0ubuntu1~16.04.2 running 'init' at Sat, 24 Dec 2022 02:36:31 +0000. Up 12.62 seconds.
[   12.791983] cloud-init[1204]: ci-info: ++++++++++++++++++++++++++++++++++++++Net device info+++++++++++++++++++++++++++++++++++++++
[   12.793013] cloud-init[1204]: ci-info: +--------+------+-----------------------------+---------------+--------+-------------------+
[   12.794072] cloud-init[1204]: ci-info: | Device |  Up  |           Address           |      Mask     | Scope  |     Hw-Address    |
[   12.795214] cloud-init[1204]: ci-info: +--------+------+-----------------------------+---------------+--------+-------------------+
[   12.796269] cloud-init[1204]: ci-info: | enp0s3 | True |          10.0.2.15          | 255.255.255.0 | global | 02:4c:f1:9f:ae:47 |
[   12.797284] cloud-init[1204]: ci-info: | enp0s3 | True |  fe80::4c:f1ff:fe9f:ae47/64 |       .       |  link  | 02:4c:f1:9f:ae:47 |
[   12.798296] cloud-init[1204]: ci-info: | enp0s8 | True |        192.168.58.111       | 255.255.255.0 | global | 08:00:27:e4:e4:9e |
[   12.799395] cloud-init[1204]: ci-info: | enp0s8 | True | fe80::a00:27ff:fee4:e49e/64 |       .       |  link  | 08:00:27:e4:e4:9e |
[   12.800501] cloud-init[1204]: ci-info: | enp0s9 | True |        192.168.66.11        | 255.255.255.0 | global | 08:00:27:a7:07:20 |
[   12.801641] cloud-init[1204]: ci-info: | enp0s9 | True |  fe80::a00:27ff:fea7:720/64 |       .       |  link  | 08:00:27:a7:07:20 |
[   12.802798] cloud-init[1204]: ci-info: |   lo   | True |          127.0.0.1          |   255.0.0.0   |  host  |         .         |
[   12.803978] cloud-init[1204]: ci-info: |   lo   | True |           ::1/128           |       .       |  host  |         .         |
[   12.805170] cloud-init[1204]: ci-info: +--------+------+-----------------------------+---------------+--------+-------------------+
[   12.806332] cloud-init[1204]: ci-info: ++++++++++++++++++++++++++++Route IPv4 info++++++++++++++++++++++++++++
[   12.807340] cloud-init[1204]: ci-info: +-------+--------------+----------+---------------+-----------+-------+
[   12.808350] cloud-init[1204]: ci-info: | Route | Destination  | Gateway  |    Genmask    | Interface | Flags |
[   12.809391] cloud-init[1204]: ci-info: +-------+--------------+----------+---------------+-----------+-------+
[   12.810418] cloud-init[1204]: ci-info: |   0   |   0.0.0.0    | 10.0.2.2 |    0.0.0.0    |   enp0s3  |   UG  |
[   12.811450] cloud-init[1204]: ci-info: |   1   |   10.0.2.0   | 0.0.0.0  | 255.255.255.0 |   enp0s3  |   U   |
[   12.812514] cloud-init[1204]: ci-info: |   2   | 192.168.58.0 | 0.0.0.0  | 255.255.255.0 |   enp0s8  |   U   |
[   12.813584] cloud-init[1204]: ci-info: |   3   | 192.168.66.0 | 0.0.0.0  | 255.255.255.0 |   enp0s9  |   U   |
[   12.814622] cloud-init[1204]: ci-info: +-------+--------------+----------+---------------+-----------+-------+
[   12.815649] cloud-init[1204]: ci-info: +++++++++++++++++++Route IPv6 info+++++++++++++++++++
[   12.816621] cloud-init[1204]: ci-info: +-------+-------------+---------+-----------+-------+
[   12.817572] cloud-init[1204]: ci-info: | Route | Destination | Gateway | Interface | Flags |
[   12.818542] cloud-init[1204]: ci-info: +-------+-------------+---------+-----------+-------+
[   12.819439] cloud-init[1204]: ci-info: |   0   |  fe80::/64  |    ::   |   enp0s8  |   U   |
[   12.820405] cloud-init[1204]: ci-info: |   1   |  fe80::/64  |    ::   |   enp0s3  |   U   |
[   12.821368] cloud-init[1204]: ci-info: |   2   |  fe80::/64  |    ::   |   enp0s9  |   U   |
[   12.822323] cloud-init[1204]: ci-info: |   5   |   ff00::/8  |    ::   |   enp0s8  |   U   |
[   12.823292] cloud-init[1204]: ci-info: |   6   |   ff00::/8  |    ::   |   enp0s3  |   U   |
[   12.824273] cloud-init[1204]: ci-info: |   7   |   ff00::/8  |    ::   |   enp0s9  |   U   |
[   12.825238] cloud-init[1204]: ci-info: +-------+-------------+---------+-----------+-------+
[[0;32m  OK  [0m] Started Initial cloud-init job (metadata service crawler).
[[0;32m  OK  [0m] Reached target Cloud-config availability.
[[0;32m  OK  [0m] Reached target Network is Online.
         Starting iSCSI initiator daemon (iscsid)...
[[0;32m  OK  [0m] Reached target System Initialization.
         Starting Socket activation for snappy daemon.
[[0;32m  OK  [0m] Started ACPI Events Check.
[[0;32m  OK  [0m] Reached target Paths.
[[0;32m  OK  [0m] Started Ubuntu Advantage update messaging.
[[0;32m  OK  [0m] Listening on UUID daemon activation socket.
[[0;32m  OK  [0m] Listening on ACPID Listen Socket.
         Starting LXD - unix socket.
[[0;32m  OK  [0m] Started Daily Cleanup of Temporary Directories.
[[0;32m  OK  [0m] Listening on D-Bus System Message Bus Socket.
[[0;32m  OK  [0m] Started Daily apt download activities.
[[0;32m  OK  [0m] Started Daily apt upgrade and clean activities.
[[0;32m  OK  [0m] Started Message of the Day.
[[0;32m  OK  [0m] Reached target Timers.
[[0;32m  OK  [0m] Listening on Socket activation for snappy daemon.
[[0;32m  OK  [0m] Listening on LXD - unix socket.
[[0;32m  OK  [0m] Reached target Sockets.
[[0;32m  OK  [0m] Reached target Basic System.
[[0;32m  OK  [0m] Started FUSE filesystem for LXC.
         Starting Accounts Service...
[[0;32m  OK  [0m] Started Deferred execution scheduler.
[[0;32m  OK  [0m] Started Regular background program processing daemon.
         Starting vboxadd.service...
         Starting LSB: Record successful boot for GRUB...
         Starting OpenBSD Secure Shell server...
         Starting System Logging Service...
         Starting Virtualbox guest utils...
         Starting /etc/rc.local Compatibility...
         Starting Login Service...
[[0;32m  OK  [0m] Started D-Bus System Message Bus.
         Starting LXD - container startup/shutdown...
         Starting Snap Daemon...
[[0;32m  OK  [0m] Started ACPI event daemon.
         Starting LSB: MD monitoring daemon...
[[0;32m  OK  [0m] Started System Logging Service.
[[0;32m  OK  [0m] Started iSCSI initiator daemon (iscsid).
[[0;32m  OK  [0m] Started /etc/rc.local Compatibility.
[[0;32m  OK  [0m] Started Login Service.
[[0;32m  OK  [0m] Started Unattended Upgrades Shutdown.
         Starting Authenticate and Authorize Users to Run Privileged Tasks...
         Starting Login to default iSCSI targets...
[[0;32m  OK  [0m] Started LSB: Record successful boot for GRUB.
[[0;32m  OK  [0m] Started LSB: MD monitoring daemon.
[[0;32m  OK  [0m] Started OpenBSD Secure Shell server.
[[0;32m  OK  [0m] Started Login to default iSCSI targets.
[[0;32m  OK  [0m] Reached target Remote File Systems (Pre).
         Mounting /vagrant...
[[0;32m  OK  [0m] Started Authenticate and Authorize Users to Run Privileged Tasks.
[[0;1;31mFAILED[0m] Failed to mount /vagrant.
See 'systemctl status vagrant.mount' for details.
[[0;1;33mDEPEND[0m] Dependency failed for /vagrant/data.
[[0;1;33mDEPEND[0m] Dependency failed for Remote File Systems.
[[0;1;33mDEPEND[0m] Dependency failed for /vagrant/cache.
[[0;1;33mDEPEND[0m] Dependency failed for /vagrant/Share.
[[0;32m  OK  [0m] Started Accounts Service.
         Starting Permit User Sessions...
         Starting LSB: automatic crash report generation...
         Starting LSB: Set the CPU Frequency Scaling governor to "ondemand"...
         Starting LSB: daemon to balance interrupts for SMP systems...
[[0;32m  OK  [0m] Started Permit User Sessions.
         Starting Hold until boot process finishes up...
         Starting Terminate Plymouth Boot Screen...
[[0;32m  OK  [0m] Started Hold until boot process finishes up.
[[0;32m  OK  [0m] Started Serial Getty on ttyS0.
[[0;32m  OK  [0m] Started Getty on tty1.
[[0;32m  OK  [0m] Reached target Login Prompts.
         Starting Set console scheme...
[[0;32m  OK  [0m] Started Terminate Plymouth Boot Screen.
[[0;32m  OK  [0m] Started Set console scheme.
[[0;32m  OK  [0m] Started LXD - container startup/shutdown.
[[0;32m  OK  [0m] Started LSB: daemon to balance interrupts for SMP systems.
[[0;32m  OK  [0m] Started LSB: Set the CPU Frequency Scaling governor to "ondemand".
[[0;32m  OK  [0m] Started LSB: automatic crash report generation.
[[0;32m  OK  [0m] Started Virtualbox guest utils.
[[0;32m  OK  [0m] Started Snap Daemon.
         Starting Wait until snapd is fully seeded...
[[0;32m  OK  [0m] Started Wait until snapd is fully seeded.
         Starting Apply the settings specified in cloud-config...
[[0;32m  OK  [0m] Created slice User Slice of vagrant.
         Starting User Manager for UID 1000...
[[0;32m  OK  [0m] Started Session 1 of user vagrant.
[[0;32m  OK  [0m] Started User Manager for UID 1000.
[   13.507946] cloud-init[1531]: Cloud-init v. 21.1-19-gbad84ad4-0ubuntu1~16.04.2 running 'modules:config' at Sat, 24 Dec 2022 02:36:32 +0000. Up 13.43 seconds.
[[0;32m  OK  [0m] Started Apply the settings specified in cloud-config.

Ubuntu 16.04.7 LTS ubuntu-xenial ttyS0

ubuntu-xenial login: [   27.134081] cloud-init[11046]: Cloud-init v. 21.1-19-gbad84ad4-0ubuntu1~16.04.2 running 'modules:final' at Sat, 24 Dec 2022 02:36:45 +0000. Up 27.04 seconds.
[   27.135286] cloud-init[11046]: Cloud-init v. 21.1-19-gbad84ad4-0ubuntu1~16.04.2 finished at Sat, 24 Dec 2022 02:36:45 +0000. Datasource DataSourceNoCloud [seed=/dev/sdb][dsmode=net].  Up 27.13 seconds
